<?xml version="1.0" encoding="UTF-8"?>
<!-- Generated by org.testng.reporters.JUnitReportReporter -->
<testsuite hostname="DESKTOP-R9LB3OC" name="EmulatorTesting" tests="1" failures="0" timestamp="28 Jul 2020 05:18:05 GMT" time="90.036" errors="0">
  <testcase name="shopping" time="90.036" classname="EmulatorTesting"/>
</testsuite> <!-- EmulatorTesting -->
