<?xml version="1.0" encoding="UTF-8"?>
<!-- Generated by org.testng.reporters.JUnitReportReporter -->
<testsuite hostname="DESKTOP-R9LB3OC" name="CalculatorTest" tests="1" failures="0" timestamp="27 Jul 2020 20:21:07 GMT" time="13.745" errors="0">
  <testcase name="calculator" time="13.745" classname="CalculatorTest"/>
</testsuite> <!-- CalculatorTest -->
